<?xml version="1.0" encoding="UTF-8"?>
<testsuite xmlns:xsi="http://www.w3.org/2001/XMLSchema-instance" xsi:noNamespaceSchemaLocation="https://maven.apache.org/surefire/maven-surefire-plugin/xsd/surefire-test-report.xsd" name="com.luv2code.ecommerce.dto.PaymentInfoTest" time="0.001" tests="14" errors="0" skipped="0" failures="0">
  <properties>
[...]
</properties>
  <testcase name="testEquals2" classname="com.luv2code.ecommerce.dto.PaymentInfoTest" time="0"/>
  <testcase name="testEquals3" classname="com.luv2code.ecommerce.dto.PaymentInfoTest" time="0"/>
  <testcase name="testEquals4" classname="com.luv2code.ecommerce.dto.PaymentInfoTest" time="0"/>
  <testcase name="testEquals5" classname="com.luv2code.ecommerce.dto.PaymentInfoTest" time="0"/>
  <testcase name="testEquals6" classname="com.luv2code.ecommerce.dto.PaymentInfoTest" time="0"/>
  <testcase name="testEquals7" classname="com.luv2code.ecommerce.dto.PaymentInfoTest" time="0"/>
  <testcase name="testEquals8" classname="com.luv2code.ecommerce.dto.PaymentInfoTest" time="0"/>
  <testcase name="testEquals9" classname="com.luv2code.ecommerce.dto.PaymentInfoTest" time="0"/>
  <testcase name="testCanEqual2" classname="com.luv2code.ecommerce.dto.PaymentInfoTest" time="0"/>
  <testcase name="testCanEqual" classname="com.luv2code.ecommerce.dto.PaymentInfoTest" time="0"/>
  <testcase name="testEquals10" classname="com.luv2code.ecommerce.dto.PaymentInfoTest" time="0"/>
  <testcase name="testEquals11" classname="com.luv2code.ecommerce.dto.PaymentInfoTest" time="0"/>
  <testcase name="testEquals" classname="com.luv2code.ecommerce.dto.PaymentInfoTest" time="0"/>
  <testcase name="testConstructor" classname="com.luv2code.ecommerce.dto.PaymentInfoTest" time="0"/>
</testsuite>