<?xml version="1.0" encoding="UTF-8"?>
<testsuite xmlns:xsi="http://www.w3.org/2001/XMLSchema-instance" xsi:noNamespaceSchemaLocation="https://maven.apache.org/surefire/maven-surefire-plugin/xsd/surefire-test-report.xsd" name="com.luv2code.ecommerce.service.CheckoutServiceImplTest" time="0.079" tests="3" errors="0" skipped="2" failures="0">
  <properties>
[...]
</properties>
  <testcase name="testCreatePaymentIntent2" classname="com.luv2code.ecommerce.service.CheckoutServiceImplTest" time="0">
    <skipped message="TODO: Complete this test"/>
    <system-out><![CDATA[16:23:58.211 [main] DEBUG org.springframework.test.context.BootstrapUtils - Instantiating CacheAwareContextLoaderDelegate from class [org.springframework.test.context.cache.DefaultCacheAwareContextLoaderDelegate]
16:23:58.211 [main] DEBUG org.springframework.test.context.BootstrapUtils - Instantiating BootstrapContext using constructor [public org.springframework.test.context.support.DefaultBootstrapContext(java.lang.Class,org.springframework.test.context.CacheAwareContextLoaderDelegate)]
16:23:58.211 [main] DEBUG org.springframework.test.context.BootstrapUtils - Instantiating TestContextBootstrapper for test class [com.luv2code.ecommerce.service.CheckoutServiceImplTest] from class [org.springframework.test.context.support.DefaultTestContextBootstrapper]
16:23:58.212 [main] DEBUG org.springframework.test.context.support.AbstractDelegatingSmartContextLoader - Delegating to AnnotationConfigContextLoader to process context configuration [ContextConfigurationAttributes@56f422e9 declaringClass = 'com.luv2code.ecommerce.service.CheckoutServiceImplTest', classes = '{class com.luv2code.ecommerce.service.CheckoutServiceImpl, class java.lang.String}', locations = '{}', inheritLocations = true, initializers = '{}', inheritInitializers = true, name = [null], contextLoaderClass = 'org.springframework.test.context.ContextLoader'].
16:23:58.214 [main] DEBUG org.springframework.test.context.support.ActiveProfilesUtils - Could not find an 'annotation declaring class' for annotation type [org.springframework.test.context.ActiveProfiles] and class [com.luv2code.ecommerce.service.CheckoutServiceImplTest]
16:23:58.214 [main] DEBUG org.springframework.test.context.support.DefaultTestContextBootstrapper - @TestExecutionListeners is not present for class [com.luv2code.ecommerce.service.CheckoutServiceImplTest]: using defaults.
16:23:58.214 [main] INFO org.springframework.test.context.support.DefaultTestContextBootstrapper - Loaded default TestExecutionListener class names from location [META-INF/spring.factories]: [org.springframework.boot.test.mock.mockito.MockitoTestExecutionListener, org.springframework.boot.test.mock.mockito.ResetMocksTestExecutionListener, org.springframework.boot.test.autoconfigure.restdocs.RestDocsTestExecutionListener, org.springframework.boot.test.autoconfigure.web.client.MockRestServiceServerResetTestExecutionListener, org.springframework.boot.test.autoconfigure.web.servlet.MockMvcPrintOnlyOnFailureTestExecutionListener, org.springframework.boot.test.autoconfigure.web.servlet.WebDriverTestExecutionListener, org.springframework.boot.test.autoconfigure.webservices.client.MockWebServiceServerTestExecutionListener, org.springframework.test.context.web.ServletTestExecutionListener, org.springframework.test.context.support.DirtiesContextBeforeModesTestExecutionListener, org.springframework.test.context.support.DependencyInjectionTestExecutionListener, org.springframework.test.context.support.DirtiesContextTestExecutionListener, org.springframework.test.context.transaction.TransactionalTestExecutionListener, org.springframework.test.context.jdbc.SqlScriptsTestExecutionListener, org.springframework.test.context.event.EventPublishingTestExecutionListener]
16:23:58.214 [main] INFO org.springframework.test.context.support.DefaultTestContextBootstrapper - Using TestExecutionListeners: [org.springframework.test.context.web.ServletTestExecutionListener@3a161942, org.springframework.test.context.support.DirtiesContextBeforeModesTestExecutionListener@4d828783, org.springframework.boot.test.mock.mockito.MockitoTestExecutionListener@1b7440c3, org.springframework.test.context.support.DependencyInjectionTestExecutionListener@343ebd7b, org.springframework.test.context.support.DirtiesContextTestExecutionListener@3ee86eb7, org.springframework.test.context.transaction.TransactionalTestExecutionListener@678f4876, org.springframework.test.context.jdbc.SqlScriptsTestExecutionListener@5ec47e1c, org.springframework.test.context.event.EventPublishingTestExecutionListener@1fd0d5da, org.springframework.boot.test.mock.mockito.ResetMocksTestExecutionListener@62309d41, org.springframework.boot.test.autoconfigure.restdocs.RestDocsTestExecutionListener@7f61a589, org.springframework.boot.test.autoconfigure.web.client.MockRestServiceServerResetTestExecutionListener@2a810e7, org.springframework.boot.test.autoconfigure.web.servlet.MockMvcPrintOnlyOnFailureTestExecutionListener@1b4f6b6d, org.springframework.boot.test.autoconfigure.web.servlet.WebDriverTestExecutionListener@7d7337d0, org.springframework.boot.test.autoconfigure.webservices.client.MockWebServiceServerTestExecutionListener@fcc981a]
16:23:58.214 [main] DEBUG org.springframework.test.context.support.AbstractDirtiesContextTestExecutionListener - Before test class: context [DefaultTestContext@4da18e2c testClass = CheckoutServiceImplTest, testInstance = [null], testMethod = [null], testException = [null], mergedContextConfiguration = [MergedContextConfiguration@2d5580f6 testClass = CheckoutServiceImplTest, locations = '{}', classes = '{class com.luv2code.ecommerce.service.CheckoutServiceImpl, class java.lang.String}', contextInitializerClasses = '[]', activeProfiles = '{}', propertySourceLocations = '{}', propertySourceProperties = '{}', contextCustomizers = set[org.springframework.boot.test.context.filter.ExcludeFilterContextCustomizer@104a287c, org.springframework.boot.test.json.DuplicateJsonObjectContextCustomizerFactory$DuplicateJsonObjectContextCustomizer@19ae36f4, org.springframework.boot.test.mock.mockito.MockitoContextCustomizer@ef3d6abc, org.springframework.boot.test.autoconfigure.actuate.metrics.MetricsExportContextCustomizerFactory$DisableMetricExportContextCustomizer@16bbaab3, org.springframework.boot.test.autoconfigure.properties.PropertyMappingContextCustomizer@0, org.springframework.boot.test.autoconfigure.web.servlet.WebDriverContextCustomizerFactory$Customizer@8ac12e6], contextLoader = 'org.springframework.test.context.support.DelegatingSmartContextLoader', parent = [null]], attributes = map[[empty]]], class annotated with @DirtiesContext [false] with mode [null].
16:23:58.216 [main] DEBUG org.springframework.test.context.support.AbstractDelegatingSmartContextLoader - Delegating to AnnotationConfigContextLoader to load context from [MergedContextConfiguration@2d5580f6 testClass = CheckoutServiceImplTest, locations = '{}', classes = '{class com.luv2code.ecommerce.service.CheckoutServiceImpl, class java.lang.String}', contextInitializerClasses = '[]', activeProfiles = '{}', propertySourceLocations = '{}', propertySourceProperties = '{}', contextCustomizers = set[org.springframework.boot.test.context.filter.ExcludeFilterContextCustomizer@104a287c, org.springframework.boot.test.json.DuplicateJsonObjectContextCustomizerFactory$DuplicateJsonObjectContextCustomizer@19ae36f4, org.springframework.boot.test.mock.mockito.MockitoContextCustomizer@ef3d6abc, org.springframework.boot.test.autoconfigure.actuate.metrics.MetricsExportContextCustomizerFactory$DisableMetricExportContextCustomizer@16bbaab3, org.springframework.boot.test.autoconfigure.properties.PropertyMappingContextCustomizer@0, org.springframework.boot.test.autoconfigure.web.servlet.WebDriverContextCustomizerFactory$Customizer@8ac12e6], contextLoader = 'org.springframework.test.context.support.DelegatingSmartContextLoader', parent = [null]].
16:23:58.216 [main] DEBUG org.springframework.test.context.support.AbstractGenericContextLoader - Loading ApplicationContext for merged context configuration [[MergedContextConfiguration@2d5580f6 testClass = CheckoutServiceImplTest, locations = '{}', classes = '{class com.luv2code.ecommerce.service.CheckoutServiceImpl, class java.lang.String}', contextInitializerClasses = '[]', activeProfiles = '{}', propertySourceLocations = '{}', propertySourceProperties = '{}', contextCustomizers = set[org.springframework.boot.test.context.filter.ExcludeFilterContextCustomizer@104a287c, org.springframework.boot.test.json.DuplicateJsonObjectContextCustomizerFactory$DuplicateJsonObjectContextCustomizer@19ae36f4, org.springframework.boot.test.mock.mockito.MockitoContextCustomizer@ef3d6abc, org.springframework.boot.test.autoconfigure.actuate.metrics.MetricsExportContextCustomizerFactory$DisableMetricExportContextCustomizer@16bbaab3, org.springframework.boot.test.autoconfigure.properties.PropertyMappingContextCustomizer@0, org.springframework.boot.test.autoconfigure.web.servlet.WebDriverContextCustomizerFactory$Customizer@8ac12e6], contextLoader = 'org.springframework.test.context.support.DelegatingSmartContextLoader', parent = [null]]].
16:23:58.216 [main] DEBUG org.springframework.core.env.StandardEnvironment - Activating profiles []
16:23:58.216 [main] DEBUG org.springframework.test.context.support.AnnotationConfigContextLoader - Registering component classes: {class com.luv2code.ecommerce.service.CheckoutServiceImpl, class java.lang.String}
16:23:58.219 [main] DEBUG org.springframework.context.support.GenericApplicationContext - Refreshing org.springframework.context.support.GenericApplicationContext@638a98d7
16:23:58.220 [main] DEBUG org.springframework.beans.factory.support.DefaultListableBeanFactory - Creating shared instance of singleton bean 'org.springframework.context.annotation.internalConfigurationAnnotationProcessor'
16:23:58.223 [main] DEBUG org.springframework.beans.factory.support.DefaultListableBeanFactory - Creating shared instance of singleton bean 'org.springframework.boot.test.mock.mockito.MockitoPostProcessor'
16:23:58.224 [main] DEBUG org.springframework.beans.factory.support.DefaultListableBeanFactory - Creating shared instance of singleton bean 'org.springframework.context.event.internalEventListenerProcessor'
16:23:58.224 [main] DEBUG org.springframework.beans.factory.support.DefaultListableBeanFactory - Creating shared instance of singleton bean 'org.springframework.context.event.internalEventListenerFactory'
16:23:58.224 [main] DEBUG org.springframework.beans.factory.support.DefaultListableBeanFactory - Creating shared instance of singleton bean 'org.springframework.context.annotation.internalAutowiredAnnotationProcessor'
16:23:58.225 [main] DEBUG org.springframework.beans.factory.support.DefaultListableBeanFactory - Creating shared instance of singleton bean 'org.springframework.context.annotation.internalCommonAnnotationProcessor'
16:23:58.225 [main] DEBUG org.springframework.beans.factory.support.DefaultListableBeanFactory - Creating shared instance of singleton bean 'org.springframework.context.annotation.internalPersistenceAnnotationProcessor'
16:23:58.225 [main] DEBUG org.springframework.beans.factory.support.DefaultListableBeanFactory - Creating shared instance of singleton bean 'org.springframework.boot.test.mock.mockito.MockitoPostProcessor$SpyPostProcessor'
16:23:58.225 [main] DEBUG org.springframework.beans.factory.support.DefaultListableBeanFactory - Creating shared instance of singleton bean 'checkoutServiceImpl'
16:23:58.242 [main] DEBUG org.springframework.beans.factory.support.DefaultListableBeanFactory - Autowiring by type from bean name 'checkoutServiceImpl' via constructor to bean named 'com.luv2code.ecommerce.dao.CustomerRepository#0'
16:23:58.244 [main] DEBUG org.springframework.beans.factory.support.DefaultListableBeanFactory - Creating shared instance of singleton bean 'string'
16:23:58.254 [main] DEBUG org.springframework.test.context.cache.DefaultCacheAwareContextLoaderDelegate - Storing ApplicationContext [1670027479] in cache under key [[MergedContextConfiguration@2d5580f6 testClass = CheckoutServiceImplTest, locations = '{}', classes = '{class com.luv2code.ecommerce.service.CheckoutServiceImpl, class java.lang.String}', contextInitializerClasses = '[]', activeProfiles = '{}', propertySourceLocations = '{}', propertySourceProperties = '{}', contextCustomizers = set[org.springframework.boot.test.context.filter.ExcludeFilterContextCustomizer@104a287c, org.springframework.boot.test.json.DuplicateJsonObjectContextCustomizerFactory$DuplicateJsonObjectContextCustomizer@19ae36f4, org.springframework.boot.test.mock.mockito.MockitoContextCustomizer@ef3d6abc, org.springframework.boot.test.autoconfigure.actuate.metrics.MetricsExportContextCustomizerFactory$DisableMetricExportContextCustomizer@16bbaab3, org.springframework.boot.test.autoconfigure.properties.PropertyMappingContextCustomizer@0, org.springframework.boot.test.autoconfigure.web.servlet.WebDriverContextCustomizerFactory$Customizer@8ac12e6], contextLoader = 'org.springframework.test.context.support.DelegatingSmartContextLoader', parent = [null]]]
16:23:58.254 [main] DEBUG org.springframework.test.context.cache - Spring test ApplicationContext cache statistics: [DefaultContextCache@6f0124b5 size = 2, maxSize = 32, parentContextCount = 0, hitCount = 39, missCount = 2]
16:23:58.255 [main] DEBUG org.springframework.test.context.support.DependencyInjectionTestExecutionListener - Performing dependency injection for test context [[DefaultTestContext@4da18e2c testClass = CheckoutServiceImplTest, testInstance = com.luv2code.ecommerce.service.CheckoutServiceImplTest@3d75e976, testMethod = [null], testException = [null], mergedContextConfiguration = [MergedContextConfiguration@2d5580f6 testClass = CheckoutServiceImplTest, locations = '{}', classes = '{class com.luv2code.ecommerce.service.CheckoutServiceImpl, class java.lang.String}', contextInitializerClasses = '[]', activeProfiles = '{}', propertySourceLocations = '{}', propertySourceProperties = '{}', contextCustomizers = set[org.springframework.boot.test.context.filter.ExcludeFilterContextCustomizer@104a287c, org.springframework.boot.test.json.DuplicateJsonObjectContextCustomizerFactory$DuplicateJsonObjectContextCustomizer@19ae36f4, org.springframework.boot.test.mock.mockito.MockitoContextCustomizer@ef3d6abc, org.springframework.boot.test.autoconfigure.actuate.metrics.MetricsExportContextCustomizerFactory$DisableMetricExportContextCustomizer@16bbaab3, org.springframework.boot.test.autoconfigure.properties.PropertyMappingContextCustomizer@0, org.springframework.boot.test.autoconfigure.web.servlet.WebDriverContextCustomizerFactory$Customizer@8ac12e6], contextLoader = 'org.springframework.test.context.support.DelegatingSmartContextLoader', parent = [null]], attributes = map[[empty]]]].
16:23:58.255 [main] DEBUG org.springframework.test.context.cache.DefaultCacheAwareContextLoaderDelegate - Retrieved ApplicationContext [1670027479] from cache with key [[MergedContextConfiguration@2d5580f6 testClass = CheckoutServiceImplTest, locations = '{}', classes = '{class com.luv2code.ecommerce.service.CheckoutServiceImpl, class java.lang.String}', contextInitializerClasses = '[]', activeProfiles = '{}', propertySourceLocations = '{}', propertySourceProperties = '{}', contextCustomizers = set[org.springframework.boot.test.context.filter.ExcludeFilterContextCustomizer@104a287c, org.springframework.boot.test.json.DuplicateJsonObjectContextCustomizerFactory$DuplicateJsonObjectContextCustomizer@19ae36f4, org.springframework.boot.test.mock.mockito.MockitoContextCustomizer@ef3d6abc, org.springframework.boot.test.autoconfigure.actuate.metrics.MetricsExportContextCustomizerFactory$DisableMetricExportContextCustomizer@16bbaab3, org.springframework.boot.test.autoconfigure.properties.PropertyMappingContextCustomizer@0, org.springframework.boot.test.autoconfigure.web.servlet.WebDriverContextCustomizerFactory$Customizer@8ac12e6], contextLoader = 'org.springframework.test.context.support.DelegatingSmartContextLoader', parent = [null]]]
16:23:58.255 [main] DEBUG org.springframework.test.context.cache - Spring test ApplicationContext cache statistics: [DefaultContextCache@6f0124b5 size = 2, maxSize = 32, parentContextCount = 0, hitCount = 40, missCount = 2]
16:23:58.257 [main] DEBUG org.springframework.test.context.cache.DefaultCacheAwareContextLoaderDelegate - Retrieved ApplicationContext [1670027479] from cache with key [[MergedContextConfiguration@2d5580f6 testClass = CheckoutServiceImplTest, locations = '{}', classes = '{class com.luv2code.ecommerce.service.CheckoutServiceImpl, class java.lang.String}', contextInitializerClasses = '[]', activeProfiles = '{}', propertySourceLocations = '{}', propertySourceProperties = '{}', contextCustomizers = set[org.springframework.boot.test.context.filter.ExcludeFilterContextCustomizer@104a287c, org.springframework.boot.test.json.DuplicateJsonObjectContextCustomizerFactory$DuplicateJsonObjectContextCustomizer@19ae36f4, org.springframework.boot.test.mock.mockito.MockitoContextCustomizer@ef3d6abc, org.springframework.boot.test.autoconfigure.actuate.metrics.MetricsExportContextCustomizerFactory$DisableMetricExportContextCustomizer@16bbaab3, org.springframework.boot.test.autoconfigure.properties.PropertyMappingContextCustomizer@0, org.springframework.boot.test.autoconfigure.web.servlet.WebDriverContextCustomizerFactory$Customizer@8ac12e6], contextLoader = 'org.springframework.test.context.support.DelegatingSmartContextLoader', parent = [null]]]
16:23:58.257 [main] DEBUG org.springframework.test.context.cache - Spring test ApplicationContext cache statistics: [DefaultContextCache@6f0124b5 size = 2, maxSize = 32, parentContextCount = 0, hitCount = 41, missCount = 2]
]]></system-out>
  </testcase>
  <testcase name="testPlaceOrder" classname="com.luv2code.ecommerce.service.CheckoutServiceImplTest" time="0.032"/>
  <testcase name="testCreatePaymentIntent" classname="com.luv2code.ecommerce.service.CheckoutServiceImplTest" time="0">
    <skipped message="TODO: Complete this test"/>
    <system-out><![CDATA[16:23:58.274 [main] DEBUG org.springframework.test.context.cache.DefaultCacheAwareContextLoaderDelegate - Retrieved ApplicationContext [1670027479] from cache with key [[MergedContextConfiguration@2d5580f6 testClass = CheckoutServiceImplTest, locations = '{}', classes = '{class com.luv2code.ecommerce.service.CheckoutServiceImpl, class java.lang.String}', contextInitializerClasses = '[]', activeProfiles = '{}', propertySourceLocations = '{}', propertySourceProperties = '{}', contextCustomizers = set[org.springframework.boot.test.context.filter.ExcludeFilterContextCustomizer@104a287c, org.springframework.boot.test.json.DuplicateJsonObjectContextCustomizerFactory$DuplicateJsonObjectContextCustomizer@19ae36f4, org.springframework.boot.test.mock.mockito.MockitoContextCustomizer@ef3d6abc, org.springframework.boot.test.autoconfigure.actuate.metrics.MetricsExportContextCustomizerFactory$DisableMetricExportContextCustomizer@16bbaab3, org.springframework.boot.test.autoconfigure.properties.PropertyMappingContextCustomizer@0, org.springframework.boot.test.autoconfigure.web.servlet.WebDriverContextCustomizerFactory$Customizer@8ac12e6], contextLoader = 'org.springframework.test.context.support.DelegatingSmartContextLoader', parent = [null]]]
16:23:58.274 [main] DEBUG org.springframework.test.context.cache - Spring test ApplicationContext cache statistics: [DefaultContextCache@6f0124b5 size = 2, maxSize = 32, parentContextCount = 0, hitCount = 54, missCount = 2]
16:23:58.275 [main] DEBUG org.springframework.test.context.support.DependencyInjectionTestExecutionListener - Performing dependency injection for test context [[DefaultTestContext@4da18e2c testClass = CheckoutServiceImplTest, testInstance = com.luv2code.ecommerce.service.CheckoutServiceImplTest@31d90af9, testMethod = [null], testException = [null], mergedContextConfiguration = [MergedContextConfiguration@2d5580f6 testClass = CheckoutServiceImplTest, locations = '{}', classes = '{class com.luv2code.ecommerce.service.CheckoutServiceImpl, class java.lang.String}', contextInitializerClasses = '[]', activeProfiles = '{}', propertySourceLocations = '{}', propertySourceProperties = '{}', contextCustomizers = set[org.springframework.boot.test.context.filter.ExcludeFilterContextCustomizer@104a287c, org.springframework.boot.test.json.DuplicateJsonObjectContextCustomizerFactory$DuplicateJsonObjectContextCustomizer@19ae36f4, org.springframework.boot.test.mock.mockito.MockitoContextCustomizer@ef3d6abc, org.springframework.boot.test.autoconfigure.actuate.metrics.MetricsExportContextCustomizerFactory$DisableMetricExportContextCustomizer@16bbaab3, org.springframework.boot.test.autoconfigure.properties.PropertyMappingContextCustomizer@0, org.springframework.boot.test.autoconfigure.web.servlet.WebDriverContextCustomizerFactory$Customizer@8ac12e6], contextLoader = 'org.springframework.test.context.support.DelegatingSmartContextLoader', parent = [null]], attributes = map[[empty]]]].
16:23:58.275 [main] DEBUG org.springframework.test.context.cache.DefaultCacheAwareContextLoaderDelegate - Retrieved ApplicationContext [1670027479] from cache with key [[MergedContextConfiguration@2d5580f6 testClass = CheckoutServiceImplTest, locations = '{}', classes = '{class com.luv2code.ecommerce.service.CheckoutServiceImpl, class java.lang.String}', contextInitializerClasses = '[]', activeProfiles = '{}', propertySourceLocations = '{}', propertySourceProperties = '{}', contextCustomizers = set[org.springframework.boot.test.context.filter.ExcludeFilterContextCustomizer@104a287c, org.springframework.boot.test.json.DuplicateJsonObjectContextCustomizerFactory$DuplicateJsonObjectContextCustomizer@19ae36f4, org.springframework.boot.test.mock.mockito.MockitoContextCustomizer@ef3d6abc, org.springframework.boot.test.autoconfigure.actuate.metrics.MetricsExportContextCustomizerFactory$DisableMetricExportContextCustomizer@16bbaab3, org.springframework.boot.test.autoconfigure.properties.PropertyMappingContextCustomizer@0, org.springframework.boot.test.autoconfigure.web.servlet.WebDriverContextCustomizerFactory$Customizer@8ac12e6], contextLoader = 'org.springframework.test.context.support.DelegatingSmartContextLoader', parent = [null]]]
16:23:58.275 [main] DEBUG org.springframework.test.context.cache - Spring test ApplicationContext cache statistics: [DefaultContextCache@6f0124b5 size = 2, maxSize = 32, parentContextCount = 0, hitCount = 55, missCount = 2]
16:23:58.275 [main] DEBUG org.springframework.test.context.cache.DefaultCacheAwareContextLoaderDelegate - Retrieved ApplicationContext [1670027479] from cache with key [[MergedContextConfiguration@2d5580f6 testClass = CheckoutServiceImplTest, locations = '{}', classes = '{class com.luv2code.ecommerce.service.CheckoutServiceImpl, class java.lang.String}', contextInitializerClasses = '[]', activeProfiles = '{}', propertySourceLocations = '{}', propertySourceProperties = '{}', contextCustomizers = set[org.springframework.boot.test.context.filter.ExcludeFilterContextCustomizer@104a287c, org.springframework.boot.test.json.DuplicateJsonObjectContextCustomizerFactory$DuplicateJsonObjectContextCustomizer@19ae36f4, org.springframework.boot.test.mock.mockito.MockitoContextCustomizer@ef3d6abc, org.springframework.boot.test.autoconfigure.actuate.metrics.MetricsExportContextCustomizerFactory$DisableMetricExportContextCustomizer@16bbaab3, org.springframework.boot.test.autoconfigure.properties.PropertyMappingContextCustomizer@0, org.springframework.boot.test.autoconfigure.web.servlet.WebDriverContextCustomizerFactory$Customizer@8ac12e6], contextLoader = 'org.springframework.test.context.support.DelegatingSmartContextLoader', parent = [null]]]
16:23:58.275 [main] DEBUG org.springframework.test.context.cache - Spring test ApplicationContext cache statistics: [DefaultContextCache@6f0124b5 size = 2, maxSize = 32, parentContextCount = 0, hitCount = 56, missCount = 2]
]]></system-out>
  </testcase>
</testsuite>