<?xml version="1.0" encoding="UTF-8"?>
<testsuite xmlns:xsi="http://www.w3.org/2001/XMLSchema-instance" xsi:noNamespaceSchemaLocation="https://maven.apache.org/surefire/maven-surefire-plugin/xsd/surefire-test-report.xsd" name="com.luv2code.ecommerce.service.CheckoutServiceImplTest" time="0.082" tests="3" errors="0" skipped="2" failures="0">
  <properties>
[...]
</properties>
  <testcase name="testCreatePaymentIntent2" classname="com.luv2code.ecommerce.service.CheckoutServiceImplTest" time="0">
    <skipped message="TODO: Complete this test"/>
    <system-out><![CDATA[11:57:59.310 [main] DEBUG org.springframework.test.context.BootstrapUtils - Instantiating CacheAwareContextLoaderDelegate from class [org.springframework.test.context.cache.DefaultCacheAwareContextLoaderDelegate]
11:57:59.310 [main] DEBUG org.springframework.test.context.BootstrapUtils - Instantiating BootstrapContext using constructor [public org.springframework.test.context.support.DefaultBootstrapContext(java.lang.Class,org.springframework.test.context.CacheAwareContextLoaderDelegate)]
11:57:59.310 [main] DEBUG org.springframework.test.context.BootstrapUtils - Instantiating TestContextBootstrapper for test class [com.luv2code.ecommerce.service.CheckoutServiceImplTest] from class [org.springframework.test.context.support.DefaultTestContextBootstrapper]
11:57:59.311 [main] DEBUG org.springframework.test.context.support.AbstractDelegatingSmartContextLoader - Delegating to AnnotationConfigContextLoader to process context configuration [ContextConfigurationAttributes@2fc0df0d declaringClass = 'com.luv2code.ecommerce.service.CheckoutServiceImplTest', classes = '{class com.luv2code.ecommerce.service.CheckoutServiceImpl, class java.lang.String}', locations = '{}', inheritLocations = true, initializers = '{}', inheritInitializers = true, name = [null], contextLoaderClass = 'org.springframework.test.context.ContextLoader'].
11:57:59.312 [main] DEBUG org.springframework.test.context.support.ActiveProfilesUtils - Could not find an 'annotation declaring class' for annotation type [org.springframework.test.context.ActiveProfiles] and class [com.luv2code.ecommerce.service.CheckoutServiceImplTest]
11:57:59.312 [main] DEBUG org.springframework.test.context.support.DefaultTestContextBootstrapper - @TestExecutionListeners is not present for class [com.luv2code.ecommerce.service.CheckoutServiceImplTest]: using defaults.
11:57:59.312 [main] INFO org.springframework.test.context.support.DefaultTestContextBootstrapper - Loaded default TestExecutionListener class names from location [META-INF/spring.factories]: [org.springframework.boot.test.mock.mockito.MockitoTestExecutionListener, org.springframework.boot.test.mock.mockito.ResetMocksTestExecutionListener, org.springframework.boot.test.autoconfigure.restdocs.RestDocsTestExecutionListener, org.springframework.boot.test.autoconfigure.web.client.MockRestServiceServerResetTestExecutionListener, org.springframework.boot.test.autoconfigure.web.servlet.MockMvcPrintOnlyOnFailureTestExecutionListener, org.springframework.boot.test.autoconfigure.web.servlet.WebDriverTestExecutionListener, org.springframework.boot.test.autoconfigure.webservices.client.MockWebServiceServerTestExecutionListener, org.springframework.test.context.web.ServletTestExecutionListener, org.springframework.test.context.support.DirtiesContextBeforeModesTestExecutionListener, org.springframework.test.context.support.DependencyInjectionTestExecutionListener, org.springframework.test.context.support.DirtiesContextTestExecutionListener, org.springframework.test.context.transaction.TransactionalTestExecutionListener, org.springframework.test.context.jdbc.SqlScriptsTestExecutionListener, org.springframework.test.context.event.EventPublishingTestExecutionListener]
11:57:59.313 [main] INFO org.springframework.test.context.support.DefaultTestContextBootstrapper - Using TestExecutionListeners: [org.springframework.test.context.web.ServletTestExecutionListener@3f09b882, org.springframework.test.context.support.DirtiesContextBeforeModesTestExecutionListener@161830d9, org.springframework.boot.test.mock.mockito.MockitoTestExecutionListener@1870e28d, org.springframework.test.context.support.DependencyInjectionTestExecutionListener@17b96d56, org.springframework.test.context.support.DirtiesContextTestExecutionListener@65061a8b, org.springframework.test.context.transaction.TransactionalTestExecutionListener@324f600a, org.springframework.test.context.jdbc.SqlScriptsTestExecutionListener@2db48844, org.springframework.test.context.event.EventPublishingTestExecutionListener@713b9379, org.springframework.boot.test.mock.mockito.ResetMocksTestExecutionListener@243c1d97, org.springframework.boot.test.autoconfigure.restdocs.RestDocsTestExecutionListener@6d3a662a, org.springframework.boot.test.autoconfigure.web.client.MockRestServiceServerResetTestExecutionListener@64c53561, org.springframework.boot.test.autoconfigure.web.servlet.MockMvcPrintOnlyOnFailureTestExecutionListener@4948c2db, org.springframework.boot.test.autoconfigure.web.servlet.WebDriverTestExecutionListener@d5cbec0, org.springframework.boot.test.autoconfigure.webservices.client.MockWebServiceServerTestExecutionListener@33e99277]
11:57:59.313 [main] DEBUG org.springframework.test.context.support.AbstractDirtiesContextTestExecutionListener - Before test class: context [DefaultTestContext@7ecac756 testClass = CheckoutServiceImplTest, testInstance = [null], testMethod = [null], testException = [null], mergedContextConfiguration = [MergedContextConfiguration@719b8c4e testClass = CheckoutServiceImplTest, locations = '{}', classes = '{class com.luv2code.ecommerce.service.CheckoutServiceImpl, class java.lang.String}', contextInitializerClasses = '[]', activeProfiles = '{}', propertySourceLocations = '{}', propertySourceProperties = '{}', contextCustomizers = set[org.springframework.boot.test.context.filter.ExcludeFilterContextCustomizer@27f71195, org.springframework.boot.test.json.DuplicateJsonObjectContextCustomizerFactory$DuplicateJsonObjectContextCustomizer@7d484fcd, org.springframework.boot.test.mock.mockito.MockitoContextCustomizer@52677b28, org.springframework.boot.test.autoconfigure.actuate.metrics.MetricsExportContextCustomizerFactory$DisableMetricExportContextCustomizer@105db94d, org.springframework.boot.test.autoconfigure.properties.PropertyMappingContextCustomizer@0, org.springframework.boot.test.autoconfigure.web.servlet.WebDriverContextCustomizerFactory$Customizer@712cd5d3], contextLoader = 'org.springframework.test.context.support.DelegatingSmartContextLoader', parent = [null]], attributes = map[[empty]]], class annotated with @DirtiesContext [false] with mode [null].
11:57:59.314 [main] DEBUG org.springframework.test.context.support.AbstractDelegatingSmartContextLoader - Delegating to AnnotationConfigContextLoader to load context from [MergedContextConfiguration@719b8c4e testClass = CheckoutServiceImplTest, locations = '{}', classes = '{class com.luv2code.ecommerce.service.CheckoutServiceImpl, class java.lang.String}', contextInitializerClasses = '[]', activeProfiles = '{}', propertySourceLocations = '{}', propertySourceProperties = '{}', contextCustomizers = set[org.springframework.boot.test.context.filter.ExcludeFilterContextCustomizer@27f71195, org.springframework.boot.test.json.DuplicateJsonObjectContextCustomizerFactory$DuplicateJsonObjectContextCustomizer@7d484fcd, org.springframework.boot.test.mock.mockito.MockitoContextCustomizer@52677b28, org.springframework.boot.test.autoconfigure.actuate.metrics.MetricsExportContextCustomizerFactory$DisableMetricExportContextCustomizer@105db94d, org.springframework.boot.test.autoconfigure.properties.PropertyMappingContextCustomizer@0, org.springframework.boot.test.autoconfigure.web.servlet.WebDriverContextCustomizerFactory$Customizer@712cd5d3], contextLoader = 'org.springframework.test.context.support.DelegatingSmartContextLoader', parent = [null]].
11:57:59.315 [main] DEBUG org.springframework.test.context.support.AbstractGenericContextLoader - Loading ApplicationContext for merged context configuration [[MergedContextConfiguration@719b8c4e testClass = CheckoutServiceImplTest, locations = '{}', classes = '{class com.luv2code.ecommerce.service.CheckoutServiceImpl, class java.lang.String}', contextInitializerClasses = '[]', activeProfiles = '{}', propertySourceLocations = '{}', propertySourceProperties = '{}', contextCustomizers = set[org.springframework.boot.test.context.filter.ExcludeFilterContextCustomizer@27f71195, org.springframework.boot.test.json.DuplicateJsonObjectContextCustomizerFactory$DuplicateJsonObjectContextCustomizer@7d484fcd, org.springframework.boot.test.mock.mockito.MockitoContextCustomizer@52677b28, org.springframework.boot.test.autoconfigure.actuate.metrics.MetricsExportContextCustomizerFactory$DisableMetricExportContextCustomizer@105db94d, org.springframework.boot.test.autoconfigure.properties.PropertyMappingContextCustomizer@0, org.springframework.boot.test.autoconfigure.web.servlet.WebDriverContextCustomizerFactory$Customizer@712cd5d3], contextLoader = 'org.springframework.test.context.support.DelegatingSmartContextLoader', parent = [null]]].
11:57:59.315 [main] DEBUG org.springframework.core.env.StandardEnvironment - Activating profiles []
11:57:59.315 [main] DEBUG org.springframework.test.context.support.AnnotationConfigContextLoader - Registering component classes: {class com.luv2code.ecommerce.service.CheckoutServiceImpl, class java.lang.String}
11:57:59.318 [main] DEBUG org.springframework.context.support.GenericApplicationContext - Refreshing org.springframework.context.support.GenericApplicationContext@4e844e9f
11:57:59.319 [main] DEBUG org.springframework.beans.factory.support.DefaultListableBeanFactory - Creating shared instance of singleton bean 'org.springframework.context.annotation.internalConfigurationAnnotationProcessor'
11:57:59.323 [main] DEBUG org.springframework.beans.factory.support.DefaultListableBeanFactory - Creating shared instance of singleton bean 'org.springframework.boot.test.mock.mockito.MockitoPostProcessor'
11:57:59.326 [main] DEBUG org.springframework.beans.factory.support.DefaultListableBeanFactory - Creating shared instance of singleton bean 'org.springframework.context.event.internalEventListenerProcessor'
11:57:59.326 [main] DEBUG org.springframework.beans.factory.support.DefaultListableBeanFactory - Creating shared instance of singleton bean 'org.springframework.context.event.internalEventListenerFactory'
11:57:59.327 [main] DEBUG org.springframework.beans.factory.support.DefaultListableBeanFactory - Creating shared instance of singleton bean 'org.springframework.context.annotation.internalAutowiredAnnotationProcessor'
11:57:59.328 [main] DEBUG org.springframework.beans.factory.support.DefaultListableBeanFactory - Creating shared instance of singleton bean 'org.springframework.context.annotation.internalCommonAnnotationProcessor'
11:57:59.329 [main] DEBUG org.springframework.beans.factory.support.DefaultListableBeanFactory - Creating shared instance of singleton bean 'org.springframework.context.annotation.internalPersistenceAnnotationProcessor'
11:57:59.329 [main] DEBUG org.springframework.beans.factory.support.DefaultListableBeanFactory - Creating shared instance of singleton bean 'org.springframework.boot.test.mock.mockito.MockitoPostProcessor$SpyPostProcessor'
11:57:59.330 [main] DEBUG org.springframework.beans.factory.support.DefaultListableBeanFactory - Creating shared instance of singleton bean 'checkoutServiceImpl'
11:57:59.346 [main] DEBUG org.springframework.beans.factory.support.DefaultListableBeanFactory - Autowiring by type from bean name 'checkoutServiceImpl' via constructor to bean named 'com.luv2code.ecommerce.dao.CustomerRepository#0'
11:57:59.351 [main] DEBUG org.springframework.beans.factory.support.DefaultListableBeanFactory - Creating shared instance of singleton bean 'string'
11:57:59.357 [main] DEBUG org.springframework.test.context.cache.DefaultCacheAwareContextLoaderDelegate - Storing ApplicationContext [1317293727] in cache under key [[MergedContextConfiguration@719b8c4e testClass = CheckoutServiceImplTest, locations = '{}', classes = '{class com.luv2code.ecommerce.service.CheckoutServiceImpl, class java.lang.String}', contextInitializerClasses = '[]', activeProfiles = '{}', propertySourceLocations = '{}', propertySourceProperties = '{}', contextCustomizers = set[org.springframework.boot.test.context.filter.ExcludeFilterContextCustomizer@27f71195, org.springframework.boot.test.json.DuplicateJsonObjectContextCustomizerFactory$DuplicateJsonObjectContextCustomizer@7d484fcd, org.springframework.boot.test.mock.mockito.MockitoContextCustomizer@52677b28, org.springframework.boot.test.autoconfigure.actuate.metrics.MetricsExportContextCustomizerFactory$DisableMetricExportContextCustomizer@105db94d, org.springframework.boot.test.autoconfigure.properties.PropertyMappingContextCustomizer@0, org.springframework.boot.test.autoconfigure.web.servlet.WebDriverContextCustomizerFactory$Customizer@712cd5d3], contextLoader = 'org.springframework.test.context.support.DelegatingSmartContextLoader', parent = [null]]]
11:57:59.357 [main] DEBUG org.springframework.test.context.cache - Spring test ApplicationContext cache statistics: [DefaultContextCache@3a69c81e size = 2, maxSize = 32, parentContextCount = 0, hitCount = 39, missCount = 2]
11:57:59.358 [main] DEBUG org.springframework.test.context.support.DependencyInjectionTestExecutionListener - Performing dependency injection for test context [[DefaultTestContext@7ecac756 testClass = CheckoutServiceImplTest, testInstance = com.luv2code.ecommerce.service.CheckoutServiceImplTest@3a1ecfdb, testMethod = [null], testException = [null], mergedContextConfiguration = [MergedContextConfiguration@719b8c4e testClass = CheckoutServiceImplTest, locations = '{}', classes = '{class com.luv2code.ecommerce.service.CheckoutServiceImpl, class java.lang.String}', contextInitializerClasses = '[]', activeProfiles = '{}', propertySourceLocations = '{}', propertySourceProperties = '{}', contextCustomizers = set[org.springframework.boot.test.context.filter.ExcludeFilterContextCustomizer@27f71195, org.springframework.boot.test.json.DuplicateJsonObjectContextCustomizerFactory$DuplicateJsonObjectContextCustomizer@7d484fcd, org.springframework.boot.test.mock.mockito.MockitoContextCustomizer@52677b28, org.springframework.boot.test.autoconfigure.actuate.metrics.MetricsExportContextCustomizerFactory$DisableMetricExportContextCustomizer@105db94d, org.springframework.boot.test.autoconfigure.properties.PropertyMappingContextCustomizer@0, org.springframework.boot.test.autoconfigure.web.servlet.WebDriverContextCustomizerFactory$Customizer@712cd5d3], contextLoader = 'org.springframework.test.context.support.DelegatingSmartContextLoader', parent = [null]], attributes = map[[empty]]]].
11:57:59.358 [main] DEBUG org.springframework.test.context.cache.DefaultCacheAwareContextLoaderDelegate - Retrieved ApplicationContext [1317293727] from cache with key [[MergedContextConfiguration@719b8c4e testClass = CheckoutServiceImplTest, locations = '{}', classes = '{class com.luv2code.ecommerce.service.CheckoutServiceImpl, class java.lang.String}', contextInitializerClasses = '[]', activeProfiles = '{}', propertySourceLocations = '{}', propertySourceProperties = '{}', contextCustomizers = set[org.springframework.boot.test.context.filter.ExcludeFilterContextCustomizer@27f71195, org.springframework.boot.test.json.DuplicateJsonObjectContextCustomizerFactory$DuplicateJsonObjectContextCustomizer@7d484fcd, org.springframework.boot.test.mock.mockito.MockitoContextCustomizer@52677b28, org.springframework.boot.test.autoconfigure.actuate.metrics.MetricsExportContextCustomizerFactory$DisableMetricExportContextCustomizer@105db94d, org.springframework.boot.test.autoconfigure.properties.PropertyMappingContextCustomizer@0, org.springframework.boot.test.autoconfigure.web.servlet.WebDriverContextCustomizerFactory$Customizer@712cd5d3], contextLoader = 'org.springframework.test.context.support.DelegatingSmartContextLoader', parent = [null]]]
11:57:59.358 [main] DEBUG org.springframework.test.context.cache - Spring test ApplicationContext cache statistics: [DefaultContextCache@3a69c81e size = 2, maxSize = 32, parentContextCount = 0, hitCount = 40, missCount = 2]
11:57:59.360 [main] DEBUG org.springframework.test.context.cache.DefaultCacheAwareContextLoaderDelegate - Retrieved ApplicationContext [1317293727] from cache with key [[MergedContextConfiguration@719b8c4e testClass = CheckoutServiceImplTest, locations = '{}', classes = '{class com.luv2code.ecommerce.service.CheckoutServiceImpl, class java.lang.String}', contextInitializerClasses = '[]', activeProfiles = '{}', propertySourceLocations = '{}', propertySourceProperties = '{}', contextCustomizers = set[org.springframework.boot.test.context.filter.ExcludeFilterContextCustomizer@27f71195, org.springframework.boot.test.json.DuplicateJsonObjectContextCustomizerFactory$DuplicateJsonObjectContextCustomizer@7d484fcd, org.springframework.boot.test.mock.mockito.MockitoContextCustomizer@52677b28, org.springframework.boot.test.autoconfigure.actuate.metrics.MetricsExportContextCustomizerFactory$DisableMetricExportContextCustomizer@105db94d, org.springframework.boot.test.autoconfigure.properties.PropertyMappingContextCustomizer@0, org.springframework.boot.test.autoconfigure.web.servlet.WebDriverContextCustomizerFactory$Customizer@712cd5d3], contextLoader = 'org.springframework.test.context.support.DelegatingSmartContextLoader', parent = [null]]]
11:57:59.360 [main] DEBUG org.springframework.test.context.cache - Spring test ApplicationContext cache statistics: [DefaultContextCache@3a69c81e size = 2, maxSize = 32, parentContextCount = 0, hitCount = 41, missCount = 2]
]]></system-out>
  </testcase>
  <testcase name="testPlaceOrder" classname="com.luv2code.ecommerce.service.CheckoutServiceImplTest" time="0.026"/>
  <testcase name="testCreatePaymentIntent" classname="com.luv2code.ecommerce.service.CheckoutServiceImplTest" time="0">
    <skipped message="TODO: Complete this test"/>
    <system-out><![CDATA[11:57:59.373 [main] DEBUG org.springframework.test.context.cache.DefaultCacheAwareContextLoaderDelegate - Retrieved ApplicationContext [1317293727] from cache with key [[MergedContextConfiguration@719b8c4e testClass = CheckoutServiceImplTest, locations = '{}', classes = '{class com.luv2code.ecommerce.service.CheckoutServiceImpl, class java.lang.String}', contextInitializerClasses = '[]', activeProfiles = '{}', propertySourceLocations = '{}', propertySourceProperties = '{}', contextCustomizers = set[org.springframework.boot.test.context.filter.ExcludeFilterContextCustomizer@27f71195, org.springframework.boot.test.json.DuplicateJsonObjectContextCustomizerFactory$DuplicateJsonObjectContextCustomizer@7d484fcd, org.springframework.boot.test.mock.mockito.MockitoContextCustomizer@52677b28, org.springframework.boot.test.autoconfigure.actuate.metrics.MetricsExportContextCustomizerFactory$DisableMetricExportContextCustomizer@105db94d, org.springframework.boot.test.autoconfigure.properties.PropertyMappingContextCustomizer@0, org.springframework.boot.test.autoconfigure.web.servlet.WebDriverContextCustomizerFactory$Customizer@712cd5d3], contextLoader = 'org.springframework.test.context.support.DelegatingSmartContextLoader', parent = [null]]]
11:57:59.373 [main] DEBUG org.springframework.test.context.cache - Spring test ApplicationContext cache statistics: [DefaultContextCache@3a69c81e size = 2, maxSize = 32, parentContextCount = 0, hitCount = 54, missCount = 2]
11:57:59.374 [main] DEBUG org.springframework.test.context.support.DependencyInjectionTestExecutionListener - Performing dependency injection for test context [[DefaultTestContext@7ecac756 testClass = CheckoutServiceImplTest, testInstance = com.luv2code.ecommerce.service.CheckoutServiceImplTest@1600e2c0, testMethod = [null], testException = [null], mergedContextConfiguration = [MergedContextConfiguration@719b8c4e testClass = CheckoutServiceImplTest, locations = '{}', classes = '{class com.luv2code.ecommerce.service.CheckoutServiceImpl, class java.lang.String}', contextInitializerClasses = '[]', activeProfiles = '{}', propertySourceLocations = '{}', propertySourceProperties = '{}', contextCustomizers = set[org.springframework.boot.test.context.filter.ExcludeFilterContextCustomizer@27f71195, org.springframework.boot.test.json.DuplicateJsonObjectContextCustomizerFactory$DuplicateJsonObjectContextCustomizer@7d484fcd, org.springframework.boot.test.mock.mockito.MockitoContextCustomizer@52677b28, org.springframework.boot.test.autoconfigure.actuate.metrics.MetricsExportContextCustomizerFactory$DisableMetricExportContextCustomizer@105db94d, org.springframework.boot.test.autoconfigure.properties.PropertyMappingContextCustomizer@0, org.springframework.boot.test.autoconfigure.web.servlet.WebDriverContextCustomizerFactory$Customizer@712cd5d3], contextLoader = 'org.springframework.test.context.support.DelegatingSmartContextLoader', parent = [null]], attributes = map[[empty]]]].
11:57:59.374 [main] DEBUG org.springframework.test.context.cache.DefaultCacheAwareContextLoaderDelegate - Retrieved ApplicationContext [1317293727] from cache with key [[MergedContextConfiguration@719b8c4e testClass = CheckoutServiceImplTest, locations = '{}', classes = '{class com.luv2code.ecommerce.service.CheckoutServiceImpl, class java.lang.String}', contextInitializerClasses = '[]', activeProfiles = '{}', propertySourceLocations = '{}', propertySourceProperties = '{}', contextCustomizers = set[org.springframework.boot.test.context.filter.ExcludeFilterContextCustomizer@27f71195, org.springframework.boot.test.json.DuplicateJsonObjectContextCustomizerFactory$DuplicateJsonObjectContextCustomizer@7d484fcd, org.springframework.boot.test.mock.mockito.MockitoContextCustomizer@52677b28, org.springframework.boot.test.autoconfigure.actuate.metrics.MetricsExportContextCustomizerFactory$DisableMetricExportContextCustomizer@105db94d, org.springframework.boot.test.autoconfigure.properties.PropertyMappingContextCustomizer@0, org.springframework.boot.test.autoconfigure.web.servlet.WebDriverContextCustomizerFactory$Customizer@712cd5d3], contextLoader = 'org.springframework.test.context.support.DelegatingSmartContextLoader', parent = [null]]]
11:57:59.374 [main] DEBUG org.springframework.test.context.cache - Spring test ApplicationContext cache statistics: [DefaultContextCache@3a69c81e size = 2, maxSize = 32, parentContextCount = 0, hitCount = 55, missCount = 2]
11:57:59.374 [main] DEBUG org.springframework.test.context.cache.DefaultCacheAwareContextLoaderDelegate - Retrieved ApplicationContext [1317293727] from cache with key [[MergedContextConfiguration@719b8c4e testClass = CheckoutServiceImplTest, locations = '{}', classes = '{class com.luv2code.ecommerce.service.CheckoutServiceImpl, class java.lang.String}', contextInitializerClasses = '[]', activeProfiles = '{}', propertySourceLocations = '{}', propertySourceProperties = '{}', contextCustomizers = set[org.springframework.boot.test.context.filter.ExcludeFilterContextCustomizer@27f71195, org.springframework.boot.test.json.DuplicateJsonObjectContextCustomizerFactory$DuplicateJsonObjectContextCustomizer@7d484fcd, org.springframework.boot.test.mock.mockito.MockitoContextCustomizer@52677b28, org.springframework.boot.test.autoconfigure.actuate.metrics.MetricsExportContextCustomizerFactory$DisableMetricExportContextCustomizer@105db94d, org.springframework.boot.test.autoconfigure.properties.PropertyMappingContextCustomizer@0, org.springframework.boot.test.autoconfigure.web.servlet.WebDriverContextCustomizerFactory$Customizer@712cd5d3], contextLoader = 'org.springframework.test.context.support.DelegatingSmartContextLoader', parent = [null]]]
11:57:59.374 [main] DEBUG org.springframework.test.context.cache - Spring test ApplicationContext cache statistics: [DefaultContextCache@3a69c81e size = 2, maxSize = 32, parentContextCount = 0, hitCount = 56, missCount = 2]
]]></system-out>
  </testcase>
</testsuite>